<?xml version="1.0" encoding="UTF-8"?>
<!-- Generated by org.testng.reporters.JUnitXMLReporter -->
<testsuite hostname="DESKTOP-A15AP0F" ignored="0" name="Free CRM Application Test cases" tests="17" failures="0" timestamp="2021-05-25T18:44:39 IST" time="670.857" errors="0">
  <testcase name="validateTitle" time="0.2" classname="com.qa.testCases.LandingPageTest"/>
  <testcase name="clickOnLoginBtn" time="8.08" classname="com.qa.testCases.LandingPageTest"/>
  <testcase name="validateTitle" time="0.128" classname="com.qa.testCases.LoginPageTest"/>
  <testcase name="forgetLink" time="11.499" classname="com.qa.testCases.LoginPageTest"/>
  <testcase name="enterCredentials" time="6.243" classname="com.qa.testCases.LoginPageTest"/>
  <testcase name="validateHomePage" time="0.127" classname="com.qa.testCases.HomePageTest"/>
  <testcase name="validateUser" time="8.114" classname="com.qa.testCases.HomePageTest"/>
  <testcase name="validateHomePageFully" time="4.33" classname="com.qa.testCases.HomePageTest"/>
  <testcase name="contactPage" time="4.164" classname="com.qa.testCases.HomePageTest"/>
  <testcase name="dealPage" time="2.691" classname="com.qa.testCases.HomePageTest"/>
  <testcase name="validateTitle" time="0.27" classname="com.qa.testCases.ContactPageTest"/>
  <testcase name="validateContactPageFully" time="0.562" classname="com.qa.testCases.ContactPageTest"/>
  <testcase name="createContactForm" time="17.565" classname="com.qa.testCases.ContactPageTest"/>
  <testcase name="createContactForm" time="23.816" classname="com.qa.testCases.ContactPageTest"/>
  <testcase name="createContactForm" time="21.956" classname="com.qa.testCases.ContactPageTest"/>
  <testcase name="createContactForm" time="23.79" classname="com.qa.testCases.ContactPageTest"/>
  <testcase name="createContactForm" time="24.957" classname="com.qa.testCases.ContactPageTest"/>
</testsuite> <!-- Free CRM Application Test cases -->
