<?xml version="1.0" encoding="UTF-8"?>
<!-- Generated by org.testng.reporters.JUnitXMLReporter -->
<testsuite hostname="DESKTOP-A15AP0F" ignored="0" name="Default test" tests="4" failures="0" timestamp="2021-05-26T14:48:12 IST" time="101.704" errors="0">
  <testcase name="demo" time="0.012" classname="com.qa.testCases.LoginPageTest"/>
  <testcase name="validateTitle" time="0.037" classname="com.qa.testCases.LoginPageTest"/>
  <testcase name="forgetLink" time="13.331" classname="com.qa.testCases.LoginPageTest"/>
  <testcase name="enterCredentials" time="6.734" classname="com.qa.testCases.LoginPageTest"/>
</testsuite> <!-- Default test -->
