<?xml version="1.0" encoding="UTF-8"?>
<!-- Generated by org.testng.reporters.JUnitXMLReporter -->
<testsuite hostname="DESKTOP-A15AP0F" ignored="0" name="Test" tests="13" failures="0" timestamp="2021-05-23T16:14:52 IST" time="305.032" errors="0">
  <testcase name="validateTitle" time="0.109" classname="com.qa.testCases.LandingPageTest"/>
  <testcase name="clickOnLoginBtn" time="3.928" classname="com.qa.testCases.LandingPageTest"/>
  <testcase name="validateTitle" time="0.032" classname="com.qa.testCases.LoginPageTest"/>
  <testcase name="forgetLink" time="7.81" classname="com.qa.testCases.LoginPageTest"/>
  <testcase name="enterCredentials" time="4.53" classname="com.qa.testCases.LoginPageTest"/>
  <testcase name="validateHomePage" time="0.016" classname="com.qa.testCases.HomePageTest"/>
  <testcase name="validateUser" time="1.919" classname="com.qa.testCases.HomePageTest"/>
  <testcase name="validateHomePageFully" time="3.528" classname="com.qa.testCases.HomePageTest"/>
  <testcase name="contactPage" time="2.199" classname="com.qa.testCases.HomePageTest"/>
  <testcase name="dealPage" time="1.858" classname="com.qa.testCases.HomePageTest"/>
  <testcase name="validateTitle" time="0.185" classname="com.qa.testCases.ContactPageTest"/>
  <testcase name="validateContactPageFully" time="0.669" classname="com.qa.testCases.ContactPageTest"/>
  <testcase name="createContactForm" time="23.695" classname="com.qa.testCases.ContactPageTest"/>
</testsuite> <!-- Test -->
