<?xml version="1.0" encoding="UTF-8"?>
<!-- Generated by org.testng.reporters.JUnitXMLReporter -->
<testsuite hostname="DESKTOP-A15AP0F" ignored="0" name="Command line test" tests="18" failures="0" timestamp="2021-05-27T10:04:42 IST" time="599.553" errors="0">
  <testcase name="validateTitle" time="0.198" classname="com.qa.testCases.ContactPageTest"/>
  <testcase name="validateContactPageFully" time="0.766" classname="com.qa.testCases.ContactPageTest"/>
  <testcase name="createContactForm" time="18.58" classname="com.qa.testCases.ContactPageTest"/>
  <testcase name="createContactForm" time="25.577" classname="com.qa.testCases.ContactPageTest"/>
  <testcase name="createContactForm" time="22.678" classname="com.qa.testCases.ContactPageTest"/>
  <testcase name="createContactForm" time="21.154" classname="com.qa.testCases.ContactPageTest"/>
  <testcase name="createContactForm" time="22.994" classname="com.qa.testCases.ContactPageTest"/>
  <testcase name="validateHomePage" time="0.192" classname="com.qa.testCases.HomePageTest"/>
  <testcase name="validateUser" time="3.66" classname="com.qa.testCases.HomePageTest"/>
  <testcase name="validateHomePageFully" time="3.609" classname="com.qa.testCases.HomePageTest"/>
  <testcase name="contactPage" time="1.865" classname="com.qa.testCases.HomePageTest"/>
  <testcase name="dealPage" time="1.694" classname="com.qa.testCases.HomePageTest"/>
  <testcase name="validateTitle" time="0.035" classname="com.qa.testCases.LandingPageTest"/>
  <testcase name="clickOnLoginBtn" time="5.545" classname="com.qa.testCases.LandingPageTest"/>
  <testcase name="demo" time="0.001" classname="com.qa.testCases.LoginPageTest"/>
  <testcase name="validateTitle" time="0.028" classname="com.qa.testCases.LoginPageTest"/>
  <testcase name="forgetLink" time="7.374" classname="com.qa.testCases.LoginPageTest"/>
  <testcase name="enterCredentials" time="7.369" classname="com.qa.testCases.LoginPageTest"/>
</testsuite> <!-- Command line test -->
