<?xml version="1.0" encoding="UTF-8" ?>
<testsuite tests="18" failures="0" name="TestSuite" time="143.572" errors="0" skipped="0">
  <properties>
[...]
</properties>
  <testcase classname="com.qa.testCases.ContactPageTest" name="validateTitle" time="0.204"/>
  <testcase classname="com.qa.testCases.ContactPageTest" name="validateContactPageFully" time="0.765"/>
  <testcase classname="com.qa.testCases.ContactPageTest" name="createContactForm" time="18.584"/>
  <testcase classname="com.qa.testCases.ContactPageTest" name="createContactForm" time="25.571"/>
  <testcase classname="com.qa.testCases.ContactPageTest" name="createContactForm" time="22.679"/>
  <testcase classname="com.qa.testCases.ContactPageTest" name="createContactForm" time="21.104"/>
  <testcase classname="com.qa.testCases.ContactPageTest" name="createContactForm" time="22.996"/>
  <testcase classname="com.qa.testCases.HomePageTest" name="validateHomePage" time="0.261"/>
  <testcase classname="com.qa.testCases.HomePageTest" name="validateUser" time="3.861"/>
  <testcase classname="com.qa.testCases.HomePageTest" name="validateHomePageFully" time="3.611"/>
  <testcase classname="com.qa.testCases.HomePageTest" name="contactPage" time="1.866"/>
  <testcase classname="com.qa.testCases.HomePageTest" name="dealPage" time="1.695"/>
  <testcase classname="com.qa.testCases.LandingPageTest" name="validateTitle" time="0.055"/>
  <testcase classname="com.qa.testCases.LandingPageTest" name="clickOnLoginBtn" time="5.556"/>
  <testcase classname="com.qa.testCases.LoginPageTest" name="demo" time="0"/>
  <testcase classname="com.qa.testCases.LoginPageTest" name="validateTitle" time="0.026"/>
  <testcase classname="com.qa.testCases.LoginPageTest" name="forgetLink" time="7.37"/>
  <testcase classname="com.qa.testCases.LoginPageTest" name="enterCredentials" time="7.368"/>
</testsuite>