<?xml version="1.0" encoding="UTF-8"?>
<testng-results skipped="0" failed="0" ignored="0" total="2" passed="2">
  <reporter-output>
  </reporter-output>
  <suite name="Default suite" duration-ms="36371" started-at="2021-05-27T11:07:38 IST" finished-at="2021-05-27T11:08:14 IST">
    <groups>
    </groups>
    <test name="Default test" duration-ms="36371" started-at="2021-05-27T11:07:38 IST" finished-at="2021-05-27T11:08:14 IST">
      <class name="com.qa.testCases.LandingPageTest">
        <test-method status="PASS" signature="setUp()[pri:0, instance:com.qa.testCases.LandingPageTest@491cc5c9]" name="setUp" is-config="true" duration-ms="16817" started-at="2021-05-27T11:07:38 IST" finished-at="2021-05-27T11:07:55 IST">
          <reporter-output>
          </reporter-output>
        </test-method> <!-- setUp -->
        <test-method status="PASS" signature="validateTitle()[pri:1, instance:com.qa.testCases.LandingPageTest@491cc5c9]" name="validateTitle" duration-ms="150" started-at="2021-05-27T11:07:55 IST" finished-at="2021-05-27T11:07:55 IST">
          <reporter-output>
          </reporter-output>
        </test-method> <!-- validateTitle -->
        <test-method status="PASS" signature="tearDown()[pri:0, instance:com.qa.testCases.LandingPageTest@491cc5c9]" name="tearDown" is-config="true" duration-ms="1050" started-at="2021-05-27T11:07:55 IST" finished-at="2021-05-27T11:07:56 IST">
          <reporter-output>
          </reporter-output>
        </test-method> <!-- tearDown -->
        <test-method status="PASS" signature="setUp()[pri:0, instance:com.qa.testCases.LandingPageTest@491cc5c9]" name="setUp" is-config="true" duration-ms="13395" started-at="2021-05-27T11:07:56 IST" finished-at="2021-05-27T11:08:09 IST">
          <reporter-output>
          </reporter-output>
        </test-method> <!-- setUp -->
        <test-method status="PASS" signature="clickOnLoginBtn()[pri:2, instance:com.qa.testCases.LandingPageTest@491cc5c9]" name="clickOnLoginBtn" duration-ms="4426" started-at="2021-05-27T11:08:09 IST" finished-at="2021-05-27T11:08:14 IST">
          <reporter-output>
          </reporter-output>
        </test-method> <!-- clickOnLoginBtn -->
        <test-method status="PASS" signature="tearDown()[pri:0, instance:com.qa.testCases.LandingPageTest@491cc5c9]" name="tearDown" is-config="true" duration-ms="370" started-at="2021-05-27T11:08:14 IST" finished-at="2021-05-27T11:08:14 IST">
          <reporter-output>
          </reporter-output>
        </test-method> <!-- tearDown -->
      </class> <!-- com.qa.testCases.LandingPageTest -->
    </test> <!-- Default test -->
  </suite> <!-- Default suite -->
</testng-results>
